C51 COMPILER V9.54   2                                                                     12/28/2024 14:53:41 PAGE 1   


C51 COMPILER V9.54, COMPILATION OF MODULE 2
OBJECT MODULE PLACED IN .\Objects\2.obj
COMPILER INVOKED BY: F:\StudyApp(F)\Keil\C51\BIN\C51.EXE 2.c OPTIMIZE(8,SPEED) BROWSE DEBUG OBJECTEXTEND PRINT(.\Listing
                    -s\2.lst) TABS(2) OBJECT(.\Objects\2.obj)

line level    source

   1          /**************************************************************************
   2           * ??:LED ???
   3           * ??:LED ????
   4           ***************************************************************************/
   5          
   6          #include <reg52.h>
   7          
   8          // ?? 74HC138 ????
   9          sbit ADDR0 = P1^0; // 74HC138:A0
  10          sbit ADDR1 = P1^1; // 74HC138:A1
  11          sbit ADDR2 = P1^2; // 74HC138:A2
  12          sbit ADDR3 = P1^3; // 74HC138:E3 ?????
  13          sbit EN = P1^4;    // 74HC138:E1, E2 ?????
  14          
  15          // ?? LED ??
  16          sbit LED0 = P0^0;  // LED ?????
  17          
  18          /**************************************************************************
  19           * ????:delayms()
  20           * ????:???????? 1ms
  21           * ????:t:0~65535
  22           * ????:?
  23           ***************************************************************************/
  24          void delayms(unsigned int t) {
  25   1          unsigned char i; // ????????
  26   1          unsigned int j;
  27   1          for (i = t; i > 0; i--)
  28   1              for (j = 110; j > 0; j--);
  29   1      }
  30          
  31          void main() {
  32   1          // ??? 74HC138
  33   1          ADDR3 = 1; // E3 ?????
  34   1          EN = 0;    // E1, E2 ?????
  35   1      
  36   1          // ?? 74HC138
  37   1          ADDR0 = 0;
  38   1          ADDR1 = 1;
  39   1          ADDR2 = 1; // 74HC138: Y6 = 0,Y0-Y5,Y7 = 1
  40   1      
  41   1          while (1) {
  42   2              LED0 = 0;      // ?? LED
  43   2              delayms(1000); // ?? 1000ms
  44   2              LED0 = 1;      // ?? LED
  45   2              delayms(1000); // ?? 1000ms
  46   2          }
  47   1      }


MODULE INFORMATION:   STATIC OVERLAYABLE
   CODE SIZE        =     51    ----
   CONSTANT SIZE    =   ----    ----
   XDATA SIZE       =   ----    ----
   PDATA SIZE       =   ----    ----
C51 COMPILER V9.54   2                                                                     12/28/2024 14:53:41 PAGE 2   

   DATA SIZE        =   ----    ----
   IDATA SIZE       =   ----    ----
   BIT SIZE         =   ----    ----
END OF MODULE INFORMATION.


C51 COMPILATION COMPLETE.  0 WARNING(S),  0 ERROR(S)
