C51 COMPILER V9.54   1                                                                     12/28/2024 14:51:32 PAGE 1   


C51 COMPILER V9.54, COMPILATION OF MODULE 1
OBJECT MODULE PLACED IN .\Objects\1.obj
COMPILER INVOKED BY: F:\StudyApp(F)\Keil\C51\BIN\C51.EXE 1.c OPTIMIZE(8,SPEED) BROWSE DEBUG OBJECTEXTEND PRINT(.\Listing
                    -s\1.lst) TABS(2) OBJECT(.\Objects\1.obj)

line level    source

   1          #include <reg52.h>
   2          
   3          // ?? 74HC138 ????
   4          sbit ADDR0 = P1^0; // 74HC138:A0
   5          sbit ADDR1 = P1^1; // 74HC138:A1
   6          sbit ADDR2 = P1^2; // 74HC138:A2
   7          sbit ADDR3 = P1^3; // 74HC138:E3 ?????
   8          sbit EN = P1^4;    // 74HC138:E1, E2 ?????
   9          
  10          // ?? LED ??
  11          sbit LED0 = P0^0;  // LED ?????
  12          
  13          void main() {
  14   1          // ??? 74HC138
  15   1          ADDR3 = 1; // E3 ?????
  16   1          EN = 0;    // E1, E2 ?????
  17   1      
  18   1          // ?? 74HC138
  19   1          ADDR0 = 0;
  20   1          ADDR1 = 1;
  21   1          ADDR2 = 1; // 74HC138: Y6 = 0,Y0-Y5,Y7 = 1
  22   1      
  23   1          while (1) {
  24   2              LED0 = 0; // ?? LED
  25   2          }
  26   1      }


MODULE INFORMATION:   STATIC OVERLAYABLE
   CODE SIZE        =     14    ----
   CONSTANT SIZE    =   ----    ----
   XDATA SIZE       =   ----    ----
   PDATA SIZE       =   ----    ----
   DATA SIZE        =   ----    ----
   IDATA SIZE       =   ----    ----
   BIT SIZE         =   ----    ----
END OF MODULE INFORMATION.


C51 COMPILATION COMPLETE.  0 WARNING(S),  0 ERROR(S)
